ffmpeg version 4.3.1-2021-01-01-essentials_build-www.gyan.dev Copyright (c) 2000-2021 the FFmpeg developers
  built with gcc 10.2.0 (Rev5, Built by MSYS2 project)
  configuration: --enable-gpl --enable-version3 --enable-static --disable-w32threads --disable-autodetect --enable-fontconfig --enable-iconv --enable-gnutls --enable-libxml2 --enable-gmp --enable-lzma --enable-zlib --enable-libsrt --enable-libssh --enable-libzmq --enable-avisynth --enable-sdl2 --enable-libwebp --enable-libx264 --enable-libx265 --enable-libxvid --enable-libaom --enable-libopenjpeg --enable-libvpx --enable-libass --enable-libfreetype --enable-libfribidi --enable-libvidstab --enable-libvmaf --enable-libzimg --enable-amf --enable-cuda-llvm --enable-cuvid --enable-ffnvcodec --enable-nvdec --enable-nvenc --enable-d3d11va --enable-dxva2 --enable-libmfx --enable-libgme --enable-libopenmpt --enable-libopencore-amrwb --enable-libmp3lame --enable-libtheora --enable-libvo-amrwbenc --enable-libgsm --enable-libopencore-amrnb --enable-libopus --enable-libspeex --enable-libvorbis --enable-librubberband
  libavutil      56. 51.100 / 56. 51.100
  libavcodec     58. 91.100 / 58. 91.100
  libavformat    58. 45.100 / 58. 45.100
  libavdevice    58. 10.100 / 58. 10.100
  libavfilter     7. 85.100 /  7. 85.100
  libswscale      5.  7.100 /  5.  7.100
  libswresample   3.  7.100 /  3.  7.100
  libpostproc    55.  7.100 / 55.  7.100
Splitting the commandline.
Reading option '-v' ... matched as option 'v' (set logging level) with argument 'debug'.
Reading option '-nostdin' ... matched as option 'stdin' (enable or disable interaction on standard input) with argument 0.
Reading option '-progress' ... matched as option 'progress' (write program-readable progress information) with argument 'C:/Users/Navaneeth Krishnan/AppData/Local/Temp/KritaFFmpegProgress.bDLmSo'.
Reading option '-r' ... matched as option 'r' (set frame rate (Hz value, fraction or abbreviation)) with argument '24'.
Reading option '-start_number' ... matched as AVOption 'start_number' with argument '0'.
Reading option '-i' ... matched as input url with argument 'G:/WORKS/ESDR/Face Expressions/Sad/frame%04d.png'.
Reading option '-crf' ... matched as AVOption 'crf' with argument '23'.
Reading option '-preset' ... matched as AVOption 'preset' with argument 'medium'.
Reading option '-profile:v' ... matched as option 'profile' (set profile) with argument 'baseline'.
Reading option '-pix_fmt' ... matched as option 'pix_fmt' (set pixel format) with argument 'yuv420p'.
Reading option '-y' ... matched as option 'y' (overwrite output files) with argument '1'.
Reading option 'G:/WORKS/ESDR/Face Expressions/Sad/Sad.mp4' ... matched as output url.
Finished splitting the commandline.
Parsing a group of options: global .
Applying option v (set logging level) with argument debug.
Applying option nostdin (enable or disable interaction on standard input) with argument 0.
Applying option progress (write program-readable progress information) with argument C:/Users/Navaneeth Krishnan/AppData/Local/Temp/KritaFFmpegProgress.bDLmSo.
[file @ 000002119e48e200] Setting default whitelist 'file,crypto,data'
Applying option y (overwrite output files) with argument 1.
Successfully parsed a group of options.
Parsing a group of options: input url G:/WORKS/ESDR/Face Expressions/Sad/frame%04d.png.
Applying option r (set frame rate (Hz value, fraction or abbreviation)) with argument 24.
Successfully parsed a group of options.
Opening an input file: G:/WORKS/ESDR/Face Expressions/Sad/frame%04d.png.
[image2 @ 000002119e4ce4c0] Opening 'G:/WORKS/ESDR/Face Expressions/Sad/frame0000.png' for reading
[file @ 000002119e4d2b80] Setting default whitelist 'file,crypto,data'
[AVIOContext @ 000002119e4dad40] Statistics: 54277 bytes read, 0 seeks
[image2 @ 000002119e4ce4c0] Opening 'G:/WORKS/ESDR/Face Expressions/Sad/frame0001.png' for reading
[file @ 000002119e4e84c0] Setting default whitelist 'file,crypto,data'
[AVIOContext @ 000002119e4e8640] Statistics: 54277 bytes read, 0 seeks
[image2 @ 000002119e4ce4c0] Opening 'G:/WORKS/ESDR/Face Expressions/Sad/frame0002.png' for reading
[file @ 000002119e4e8580] Setting default whitelist 'file,crypto,data'
[AVIOContext @ 000002119e4d9ac0] Statistics: 54277 bytes read, 0 seeks
[image2 @ 000002119e4ce4c0] Opening 'G:/WORKS/ESDR/Face Expressions/Sad/frame0003.png' for reading
[file @ 000002119e4e8580] Setting default whitelist 'file,crypto,data'
[AVIOContext @ 000002119e4d9c80] Statistics: 58080 bytes read, 0 seeks
[image2 @ 000002119e4ce4c0] Opening 'G:/WORKS/ESDR/Face Expressions/Sad/frame0004.png' for reading
[file @ 000002119e4e8580] Setting default whitelist 'file,crypto,data'
[AVIOContext @ 000002119e4d9e40] Statistics: 58080 bytes read, 0 seeks
[image2 @ 000002119e4ce4c0] Opening 'G:/WORKS/ESDR/Face Expressions/Sad/frame0005.png' for reading
[file @ 000002119e4e8580] Setting default whitelist 'file,crypto,data'
[AVIOContext @ 000002119e4da000] Statistics: 58080 bytes read, 0 seeks
[image2 @ 000002119e4ce4c0] Opening 'G:/WORKS/ESDR/Face Expressions/Sad/frame0006.png' for reading
[file @ 000002119e4e8580] Setting default whitelist 'file,crypto,data'
[AVIOContext @ 000002119e4da1c0] Statistics: 64087 bytes read, 0 seeks
[image2 @ 000002119e4ce4c0] Opening 'G:/WORKS/ESDR/Face Expressions/Sad/frame0007.png' for reading
[file @ 000002119e4e8580] Setting default whitelist 'file,crypto,data'
[AVIOContext @ 000002119e4dab80] Statistics: 64087 bytes read, 0 seeks
[image2 @ 000002119e4ce4c0] Opening 'G:/WORKS/ESDR/Face Expressions/Sad/frame0008.png' for reading
[file @ 000002119e4dab80] Setting default whitelist 'file,crypto,data'
[AVIOContext @ 000002119e4dac80] Statistics: 64087 bytes read, 0 seeks
[image2 @ 000002119e4ce4c0] Opening 'G:/WORKS/ESDR/Face Expressions/Sad/frame0009.png' for reading
[file @ 000002119e4dab80] Setting default whitelist 'file,crypto,data'
[AVIOContext @ 000002119e4dac80] Statistics: 68619 bytes read, 0 seeks
[image2 @ 000002119e4ce4c0] Opening 'G:/WORKS/ESDR/Face Expressions/Sad/frame0010.png' for reading
[file @ 000002119e4dac40] Setting default whitelist 'file,crypto,data'
[AVIOContext @ 000002119e4dad40] Statistics: 68619 bytes read, 0 seeks
[image2 @ 000002119e4ce4c0] Opening 'G:/WORKS/ESDR/Face Expressions/Sad/frame0011.png' for reading
[file @ 000002119e4dad00] Setting default whitelist 'file,crypto,data'
[AVIOContext @ 000002119f091ac0] Statistics: 68619 bytes read, 0 seeks
[image2 @ 000002119e4ce4c0] Opening 'G:/WORKS/ESDR/Face Expressions/Sad/frame0012.png' for reading
[file @ 000002119f091ac0] Setting default whitelist 'file,crypto,data'
[AVIOContext @ 000002119e4dad00] Statistics: 70501 bytes read, 0 seeks
[image2 @ 000002119e4ce4c0] Opening 'G:/WORKS/ESDR/Face Expressions/Sad/frame0013.png' for reading
[file @ 000002119f091ac0] Setting default whitelist 'file,crypto,data'
[AVIOContext @ 000002119e4dad00] Statistics: 70501 bytes read, 0 seeks
[image2 @ 000002119e4ce4c0] Opening 'G:/WORKS/ESDR/Face Expressions/Sad/frame0014.png' for reading
[file @ 000002119f091ac0] Setting default whitelist 'file,crypto,data'
[AVIOContext @ 000002119e4dad00] Statistics: 70501 bytes read, 0 seeks
[image2 @ 000002119e4ce4c0] Opening 'G:/WORKS/ESDR/Face Expressions/Sad/frame0015.png' for reading
[file @ 000002119f091ac0] Setting default whitelist 'file,crypto,data'
[AVIOContext @ 000002119e4dad00] Statistics: 68619 bytes read, 0 seeks
[image2 @ 000002119e4ce4c0] Opening 'G:/WORKS/ESDR/Face Expressions/Sad/frame0016.png' for reading
[file @ 000002119f091ac0] Setting default whitelist 'file,crypto,data'
[AVIOContext @ 000002119e4dad00] Statistics: 68619 bytes read, 0 seeks
[image2 @ 000002119e4ce4c0] Opening 'G:/WORKS/ESDR/Face Expressions/Sad/frame0017.png' for reading
[file @ 000002119f091ac0] Setting default whitelist 'file,crypto,data'
[AVIOContext @ 000002119e4dad00] Statistics: 68619 bytes read, 0 seeks
[image2 @ 000002119e4ce4c0] Opening 'G:/WORKS/ESDR/Face Expressions/Sad/frame0018.png' for reading
[file @ 000002119f091ac0] Setting default whitelist 'file,crypto,data'
[AVIOContext @ 000002119e4dad00] Statistics: 64087 bytes read, 0 seeks
[image2 @ 000002119e4ce4c0] Opening 'G:/WORKS/ESDR/Face Expressions/Sad/frame0019.png' for reading
[file @ 000002119f091ac0] Setting default whitelist 'file,crypto,data'
[AVIOContext @ 000002119e4dad00] Statistics: 64087 bytes read, 0 seeks
[image2 @ 000002119e4ce4c0] Opening 'G:/WORKS/ESDR/Face Expressions/Sad/frame0020.png' for reading
[file @ 000002119f091ac0] Setting default whitelist 'file,crypto,data'
[AVIOContext @ 000002119e4dad00] Statistics: 64087 bytes read, 0 seeks
[image2 @ 000002119e4ce4c0] Opening 'G:/WORKS/ESDR/Face Expressions/Sad/frame0021.png' for reading
[file @ 000002119f091ac0] Setting default whitelist 'file,crypto,data'
[AVIOContext @ 000002119e4dad00] Statistics: 58080 bytes read, 0 seeks
[image2 @ 000002119e4ce4c0] Opening 'G:/WORKS/ESDR/Face Expressions/Sad/frame0022.png' for reading
[file @ 000002119f091ac0] Setting default whitelist 'file,crypto,data'
[AVIOContext @ 000002119e4dad00] Statistics: 58080 bytes read, 0 seeks
[image2 @ 000002119e4ce4c0] Opening 'G:/WORKS/ESDR/Face Expressions/Sad/frame0023.png' for reading
[file @ 000002119f091ac0] Setting default whitelist 'file,crypto,data'
[AVIOContext @ 000002119e4dad00] Statistics: 58080 bytes read, 0 seeks
[image2 @ 000002119e4ce4c0] Opening 'G:/WORKS/ESDR/Face Expressions/Sad/frame0024.png' for reading
[file @ 000002119f091ac0] Setting default whitelist 'file,crypto,data'
[AVIOContext @ 000002119e4dad00] Statistics: 54277 bytes read, 0 seeks
Input #0, image2, from 'G:/WORKS/ESDR/Face Expressions/Sad/frame%04d.png':
  Duration: 00:00:01.00, start: 0.000000, bitrate: N/A
    Stream #0:0, 25, 1/25: Video: png, 1 reference frame, rgba(pc), 1600x1200 [SAR 3937:3937 DAR 4:3], 0/1, 25 fps, 25 tbr, 25 tbn, 25 tbc
Successfully opened the file.
Parsing a group of options: output url G:/WORKS/ESDR/Face Expressions/Sad/Sad.mp4.
Applying option profile:v (set profile) with argument baseline.
Applying option pix_fmt (set pixel format) with argument yuv420p.
Successfully parsed a group of options.
Opening an output file: G:/WORKS/ESDR/Face Expressions/Sad/Sad.mp4.
[file @ 000002119e4d68c0] Setting default whitelist 'file,crypto,data'
Successfully opened the file.
detected 8 logical cores
Stream mapping:
  Stream #0:0 -> #0:0 (png (native) -> h264 (libx264))
cur_dts is invalid st:0 (0) [init:0 i_done:0 finish:0] (this is harmless if it occurs once at the start per stream)
    Last message repeated 8 times
[graph 0 input from stream 0:0 @ 000002119e4d9a40] Setting 'video_size' to value '1600x1200'
[graph 0 input from stream 0:0 @ 000002119e4d9a40] Setting 'pix_fmt' to value '26'
[graph 0 input from stream 0:0 @ 000002119e4d9a40] Setting 'time_base' to value '1/24'
[graph 0 input from stream 0:0 @ 000002119e4d9a40] Setting 'pixel_aspect' to value '3937/3937'
[graph 0 input from stream 0:0 @ 000002119e4d9a40] Setting 'frame_rate' to value '24/1'
[graph 0 input from stream 0:0 @ 000002119e4d9a40] w:1600 h:1200 pixfmt:rgba tb:1/24 fr:24/1 sar:3937/3937
[format @ 000002119e4da140] Setting 'pix_fmts' to value 'yuv420p'
[auto_scaler_0 @ 000002119e4d9dc0] Setting 'flags' to value 'bicubic'
[auto_scaler_0 @ 000002119e4d9dc0] w:iw h:ih flags:'bicubic' interl:0
[format @ 000002119e4da140] auto-inserting filter 'auto_scaler_0' between the filter 'Parsed_null_0' and the filter 'format'
[AVFilterGraph @ 000002119f0a2f40] query_formats: 4 queried, 2 merged, 1 already done, 0 delayed
[auto_scaler_0 @ 000002119e4d9dc0] w:1600 h:1200 fmt:rgba sar:3937/3937 -> w:1600 h:1200 fmt:yuv420p sar:1/1 flags:0x4
[libx264 @ 000002119e4d48c0] using mv_range_thread = 40
[libx264 @ 000002119e4d48c0] using SAR=1/1
[libx264 @ 000002119e4d48c0] using cpu capabilities: MMX2 SSE2Fast SSSE3 SSE4.2 AVX FMA3 BMI2 AVX2
[libx264 @ 000002119e4d48c0] profile Constrained Baseline, level 4.0, 4:2:0, 8-bit
[libx264 @ 000002119e4d48c0] 264 - core 161 r3027 4121277 - H.264/MPEG-4 AVC codec - Copyleft 2003-2020 - http://www.videolan.org/x264.html - options: cabac=0 ref=3 deblock=1:0:0 analyse=0x1:0x111 me=hex subme=7 psy=1 psy_rd=1.00:0.00 mixed_ref=1 me_range=16 chroma_me=1 trellis=1 8x8dct=0 cqm=0 deadzone=21,11 fast_pskip=1 chroma_qp_offset=-2 threads=12 lookahead_threads=2 sliced_threads=0 nr=0 decimate=1 interlaced=0 bluray_compat=0 constrained_intra=0 bframes=0 weightp=0 keyint=250 keyint_min=24 scenecut=40 intra_refresh=0 rc_lookahead=40 rc=crf mbtree=1 crf=23.0 qcomp=0.60 qpmin=0 qpmax=69 qpstep=4 ip_ratio=1.40 aq=1:1.00
Output #0, mp4, to 'G:/WORKS/ESDR/Face Expressions/Sad/Sad.mp4':
  Metadata:
    encoder         : Lavf58.45.100
    Stream #0:0, 0, 1/12288: Video: h264 (libx264), 1 reference frame (avc1 / 0x31637661), yuv420p, 1600x1200 [SAR 1:1 DAR 4:3], 0/1, q=-1--1, 24 fps, 12288 tbn, 24 tbc
    Metadata:
      encoder         : Lavc58.91.100 libx264
    Side data:
      cpb: bitrate max/min/avg: 0/0/0 buffer size: 0 vbv_delay: N/A
Clipping frame in rate conversion by 0.000008
cur_dts is invalid st:0 (0) [init:1 i_done:0 finish:0] (this is harmless if it occurs once at the start per stream)
    Last message repeated 25 times
[out_0_0 @ 000002119f1c5480] EOF on sink link out_0_0:default.
No more output streams to write to, finishing.
[libx264 @ 000002119e4d48c0] frame=   0 QP=10.02 NAL=3 Slice:I Poc:0   I:7500 P:0    SKIP:0    size=8120 bytes
[libx264 @ 000002119e4d48c0] frame=   1 QP=12.43 NAL=2 Slice:P Poc:2   I:2    P:21   SKIP:7477 size=76 bytes
[libx264 @ 000002119e4d48c0] frame=   2 QP=13.00 NAL=2 Slice:P Poc:4   I:0    P:1    SKIP:7499 size=16 bytes
[libx264 @ 000002119e4d48c0] frame=   3 QP=14.04 NAL=2 Slice:P Poc:6   I:46   P:106  SKIP:7348 size=852 bytes
[libx264 @ 000002119e4d48c0] frame=   4 QP=12.00 NAL=2 Slice:P Poc:8   I:0    P:3    SKIP:7497 size=21 bytes
[libx264 @ 000002119e4d48c0] frame=   5 QP=13.00 NAL=2 Slice:P Poc:10  I:0    P:0    SKIP:7500 size=12 bytes
[libx264 @ 000002119e4d48c0] frame=   6 QP=11.92 NAL=2 Slice:P Poc:12  I:118  P:79   SKIP:7303 size=1217 bytes
[libx264 @ 000002119e4d48c0] frame=   7 QP=12.00 NAL=2 Slice:P Poc:14  I:0    P:8    SKIP:7492 size=34 bytes
[libx264 @ 000002119e4d48c0] frame=   8 QP=17.95 NAL=2 Slice:P Poc:16  I:0    P:2    SKIP:7498 size=21 bytes
[libx264 @ 000002119e4d48c0] frame=   9 QP=17.04 NAL=2 Slice:P Poc:18  I:104  P:63   SKIP:7333 size=1093 bytes
[libx264 @ 000002119e4d48c0] frame=  10 QP=15.08 NAL=2 Slice:P Poc:20  I:1    P:4    SKIP:7495 size=32 bytes
[libx264 @ 000002119e4d48c0] frame=  11 QP=13.00 NAL=2 Slice:P Poc:22  I:0    P:0    SKIP:7500 size=12 bytes
[libx264 @ 000002119e4d48c0] frame=  12 QP=16.93 NAL=2 Slice:P Poc:24  I:85   P:138  SKIP:7277 size=769 bytes
[libx264 @ 000002119e4d48c0] frame=  13 QP=9.29 NAL=2 Slice:P Poc:26  I:2    P:2    SKIP:7496 size=25 bytes
[libx264 @ 000002119e4d48c0] frame=  14 QP=13.00 NAL=2 Slice:P Poc:28  I:0    P:0    SKIP:7500 size=12 bytes
[libx264 @ 000002119e4d48c0] frame=  15 QP=12.30 NAL=2 Slice:P Poc:30  I:49   P:138  SKIP:7313 size=797 bytes
[libx264 @ 000002119e4d48c0] frame=  16 QP=11.57 NAL=2 Slice:P Poc:32  I:6    P:5    SKIP:7489 size=41 bytes
[libx264 @ 000002119e4d48c0] frame=  17 QP=10.55 NAL=2 Slice:P Poc:34  I:1    P:1    SKIP:7498 size=25 bytes
[libx264 @ 000002119e4d48c0] frame=  18 QP=11.87 NAL=2 Slice:P Poc:36  I:59   P:114  SKIP:7327 size=1023 bytes
[libx264 @ 000002119e4d48c0] frame=  19 QP=12.00 NAL=2 Slice:P Poc:38  I:5    P:5    SKIP:7490 size=40 bytes
[libx264 @ 000002119e4d48c0] frame=  20 QP=9.08 NAL=2 Slice:P Poc:40  I:1    P:1    SKIP:7498 size=21 bytes
[libx264 @ 000002119e4d48c0] frame=  21 QP=11.82 NAL=2 Slice:P Poc:42  I:111  P:51   SKIP:7338 size=1055 bytes
[libx264 @ 000002119e4d48c0] frame=  22 QP=12.00 NAL=2 Slice:P Poc:44  I:2    P:3    SKIP:7495 size=29 bytes
[libx264 @ 000002119e4d48c0] frame=  23 QP=13.00 NAL=2 Slice:P Poc:46  I:0    P:0    SKIP:7500 size=12 bytes
[libx264 @ 000002119e4d48c0] frame=  24 QP=13.70 NAL=2 Slice:P Poc:48  I:50   P:108  SKIP:7342 size=653 bytes
Not writing 'clli' atom. No content light level info.
Not writing 'mdcv' atom. Missing mastering metadata.
frame=   25 fps=0.0 q=-1.0 Lsize=      17kB time=00:00:01.00 bitrate= 140.6kbits/s speed=2.39x    
[AVIOContext @ 000002119e4ce340] Statistics: 0 seeks, 1 writeouts
video:16kB audio:0kB subtitle:0kB other streams:0kB global headers:0kB muxing overhead: 5.620004%
Input file #0 (G:/WORKS/ESDR/Face Expressions/Sad/frame%04d.png):
  Input stream #0:0 (video): 25 packets read (1573327 bytes); 25 frames decoded; 
  Total: 25 packets (1573327 bytes) demuxed
Output file #0 (G:/WORKS/ESDR/Face Expressions/Sad/Sad.mp4):
  Output stream #0:0 (video): 25 frames encoded; 25 packets muxed (16637 bytes); 
  Total: 25 packets (16637 bytes) muxed
25 frames successfully decoded, 0 decoding errors
[AVIOContext @ 000002119e4d69c0] Statistics: 2 seeks, 4 writeouts
[libx264 @ 000002119e4d48c0] frame I:1     Avg QP:10.02  size:  8120
[libx264 @ 000002119e4d48c0] frame P:24    Avg QP:12.86  size:   329
[libx264 @ 000002119e4d48c0] mb I  I16..4: 99.3%  0.0%  0.7%
[libx264 @ 000002119e4d48c0] mb P  I16..4:  0.3%  0.0%  0.0%  P16..4:  0.4%  0.1%  0.0%  0.0%  0.0%    skip:99.2%
[libx264 @ 000002119e4d48c0] coded y,uvDC,uvAC intra: 0.7% 1.7% 1.5% inter: 0.0% 0.1% 0.0%
[libx264 @ 000002119e4d48c0] i16 v,h,dc,p: 96%  3%  1%  0%
[libx264 @ 000002119e4d48c0] i4 v,h,dc,ddl,ddr,vr,hd,vl,hu: 23% 20% 41%  4%  2%  2%  3%  3%  3%
[libx264 @ 000002119e4d48c0] i8c dc,h,v,p: 94%  3%  2%  0%
[libx264 @ 000002119e4d48c0] ref P L0: 88.3% 10.6%  1.1%
[libx264 @ 000002119e4d48c0] kb/s:122.94
